<?xml version="1.0" encoding="UTF-8"?>
<!-- Generated by org.testng.reporters.JUnitXMLReporter -->
<testsuite hostname="CSCINDAE707498" name="RMA_Smoke_TC_081" tests="1" failures="1" timestamp="28 Sep 2017 12:22:53 GMT" time="49.643" errors="0">
  <testcase name="RMA_Smoke_TC_081_Test" time="42.178" classname="rmaseleniumtestscripts.RMA_Smoke_TC_081">
    <failure type="java.lang.NullPointerException">
      <![CDATA[java.lang.NullPointerException
	at rmaseleniumtestscripts.RMA_Smoke_TC_081.RMA_Smoke_TC_081_Test(RMA_Smoke_TC_081.java:111)
... Removed 25 stack frames]]>
    </failure>
  </testcase> <!-- RMA_Smoke_TC_081_Test -->
</testsuite> <!-- RMA_Smoke_TC_081 -->
