<?xml version="1.0" encoding="UTF-8"?>
<!-- Generated by org.testng.reporters.JUnitXMLReporter -->
<testsuite hostname="CSCINDAE707498" name="RMA_Smoke_TC_076" tests="1" failures="1" timestamp="28 Sep 2017 12:04:56 GMT" time="138.538" errors="0">
  <testcase name="RMA_Smoke_TC_076_Test" time="131.082" classname="rmaseleniumtestscripts.RMA_Smoke_TC_076">
    <failure type="java.lang.NullPointerException">
      <![CDATA[java.lang.NullPointerException
	at rmaseleniumtestscripts.RMA_Smoke_TC_076.RMA_Smoke_TC_076_Test(RMA_Smoke_TC_076.java:197)
... Removed 25 stack frames]]>
    </failure>
  </testcase> <!-- RMA_Smoke_TC_076_Test -->
</testsuite> <!-- RMA_Smoke_TC_076 -->
