<?xml version="1.0" encoding="UTF-8"?>
<!-- Generated by org.testng.reporters.JUnitXMLReporter -->
<testsuite hostname="CSCINDAE707498" name="RMA_SeleniumRegression_TC_041_NonOccupational Claim" tests="1" failures="1" timestamp="12 Dec 2017 02:32:27 GMT" time="25.135" errors="0">
  <testcase name="RMA_SeleniumRegression_TC_041_Test" time="0.375" classname="rmaseleniumtestscripts.RMA_SeleniumRegression_TC_041">
    <failure type="java.lang.NullPointerException">
      <![CDATA[java.lang.NullPointerException
	at rmaseleniumtestscripts.RMA_SeleniumRegression_TC_041.RMA_SeleniumRegression_TC_041_Test(RMA_SeleniumRegression_TC_041.java:94)
... Removed 25 stack frames]]>
    </failure>
  </testcase> <!-- RMA_SeleniumRegression_TC_041_Test -->
</testsuite> <!-- RMA_SeleniumRegression_TC_041_NonOccupational Claim -->
