<?xml version="1.0" encoding="UTF-8"?>
<!-- Generated by org.testng.reporters.JUnitXMLReporter -->
<testsuite hostname="CSCINDAE707498" name="RMA_reg_Maint_Vehicle_TC_025" tests="1" failures="1" timestamp="3 Apr 2018 08:59:44 GMT" time="24.494" errors="0">
  <testcase name="RMA_Reg_Maint_Vehicle_TC_025_Test" time="0.001" classname="rmaseleniumtestscripts.RMA_Reg_Maint_Vehicle_TC_025">
    <failure type="java.lang.NullPointerException">
      <![CDATA[java.lang.NullPointerException
	at rmaseleniumtestscripts.RMA_Reg_Maint_Vehicle_TC_025.RMA_Reg_Maint_Vehicle_TC_025_Test(RMA_Reg_Maint_Vehicle_TC_025.java:187)
... Removed 25 stack frames]]>
    </failure>
  </testcase> <!-- RMA_Reg_Maint_Vehicle_TC_025_Test -->
</testsuite> <!-- RMA_reg_Maint_Vehicle_TC_025 -->
