<?xml version="1.0" encoding="UTF-8"?>
<!-- Generated by org.testng.reporters.JUnitXMLReporter -->
<testsuite hostname="CSCINDAE707498" name="RMA_SeleniumRegressiom_TC_080_WC" tests="1" failures="1" timestamp="19 Jan 2018 04:47:28 GMT" time="49.942" errors="0">
  <testcase name="RMA_SeleniumRegression_TC_080_Test" time="10.09" classname="rmaseleniumtestscripts.RMA_SeleniumRegression_TC_080">
    <failure type="java.lang.NullPointerException">
      <![CDATA[java.lang.NullPointerException
	at rmaseleniumtestscripts.RMA_SeleniumRegression_TC_080.RMA_SeleniumRegression_TC_080_Test(RMA_SeleniumRegression_TC_080.java:100)
... Removed 25 stack frames]]>
    </failure>
  </testcase> <!-- RMA_SeleniumRegression_TC_080_Test -->
</testsuite> <!-- RMA_SeleniumRegressiom_TC_080_WC -->
