<?xml version="1.0" encoding="UTF-8"?>
<!-- Generated by org.testng.reporters.JUnitXMLReporter -->
<testsuite hostname="CSCINDAE707498" name="RMA_SeleniumRegression_TC_033_CarrierGeneralClaim" tests="1" failures="1" timestamp="2 Apr 2018 12:33:43 GMT" time="36.795" errors="0">
  <testcase name="RMA_SeleniumRegression_TC_033_Test" time="0.023" classname="rmaseleniumtestscripts.RMA_SeleniumRegression_TC_033">
    <failure type="java.lang.NullPointerException">
      <![CDATA[java.lang.NullPointerException
	at rmaseleniumtestscripts.RMA_SeleniumRegression_TC_033.RMA_SeleniumRegression_TC_033_Test(RMA_SeleniumRegression_TC_033.java:99)
... Removed 25 stack frames]]>
    </failure>
  </testcase> <!-- RMA_SeleniumRegression_TC_033_Test -->
</testsuite> <!-- RMA_SeleniumRegression_TC_033_CarrierGeneralClaim -->
