<?xml version="1.0" encoding="UTF-8"?>
<!-- Generated by org.testng.reporters.JUnitXMLReporter -->
<testsuite hostname="CSCINDAE707498" name="RMA_SeleniumRegression_TC_035_Event" tests="1" failures="1" timestamp="2 Apr 2018 13:01:25 GMT" time="34.962" errors="0">
  <testcase name="RMA_SeleniumRegression_TC_035_Test" time="10.084" classname="rmaseleniumtestscripts.RMA_SeleniumRegression_TC_035">
    <failure type="java.lang.NullPointerException">
      <![CDATA[java.lang.NullPointerException
	at rmaseleniumtestscripts.RMA_SeleniumRegression_TC_035.RMA_SeleniumRegression_TC_035_Test(RMA_SeleniumRegression_TC_035.java:95)
... Removed 25 stack frames]]>
    </failure>
  </testcase> <!-- RMA_SeleniumRegression_TC_035_Test -->
</testsuite> <!-- RMA_SeleniumRegression_TC_035_Event -->
