<?xml version="1.0" encoding="UTF-8"?>
<!-- Generated by org.testng.reporters.JUnitXMLReporter -->
<testsuite hostname="CSCINDAE707498" name="RMA_SeleniumRegression_TC_105_GC" tests="1" failures="1" timestamp="22 Feb 2018 06:02:26 GMT" time="107.35" errors="0">
  <testcase name="RMA_SeleniumRegression_TC_105_Test" time="59.584" classname="rmaseleniumtestscripts.RMA_SeleniumRegression_TC_105">
    <failure type="java.lang.NullPointerException">
      <![CDATA[java.lang.NullPointerException
	at rmaseleniumtestscripts.RMA_SeleniumRegression_TC_105.RMA_SeleniumRegression_TC_105_Test(RMA_SeleniumRegression_TC_105.java:115)
... Removed 25 stack frames]]>
    </failure>
  </testcase> <!-- RMA_SeleniumRegression_TC_105_Test -->
</testsuite> <!-- RMA_SeleniumRegression_TC_105_GC -->
