<?xml version="1.0" encoding="UTF-8"?>
<!-- Generated by org.testng.reporters.JUnitXMLReporter -->
<testsuite hostname="CSCINDAE707498" name="RMA_Reg_Maint_Employee_TC_058" tests="1" failures="1" timestamp="23 Mar 2018 08:08:50 GMT" time="35.052" errors="0">
  <testcase name="RMA_Reg_Maint_Employee_TC_058_Test" time="0.017" classname="rmaseleniumtestscripts.RMA_Reg_Maint_Employee_TC_058">
    <failure type="java.lang.NullPointerException">
      <![CDATA[java.lang.NullPointerException
	at rmaseleniumtestscripts.RMA_Reg_Maint_Employee_TC_058.RMA_Reg_Maint_Employee_TC_058_Test(RMA_Reg_Maint_Employee_TC_058.java:125)
... Removed 25 stack frames]]>
    </failure>
  </testcase> <!-- RMA_Reg_Maint_Employee_TC_058_Test -->
</testsuite> <!-- RMA_Reg_Maint_Employee_TC_058 -->
