<?xml version="1.0" encoding="UTF-8"?>
<!-- Generated by org.testng.reporters.JUnitXMLReporter -->
<testsuite hostname="CSCINDAE750032" name="RMA_SeleniumRegression_TC_034_PI_DataCreation_GC" tests="1" failures="0" timestamp="7 Sep 2017 06:44:37 GMT" time="0.002" errors="0">
  <testcase name="@AfterMethod RMA_FailureReport" time="0.0" classname="rmaseleniumtestscripts.RMA_SeleniumRegression_TC_034_PI_DataCreation">
    <skipped/>
  </testcase> <!-- @AfterMethod RMA_FailureReport -->
  <testcase name="RMA_SeleniumRegression_TC_034_PI_DataCreation_Test" time="0.0" classname="rmaseleniumtestscripts.RMA_SeleniumRegression_TC_034_PI_DataCreation">
    <skipped/>
  </testcase> <!-- RMA_SeleniumRegression_TC_034_PI_DataCreation_Test -->
</testsuite> <!-- RMA_SeleniumRegression_TC_034_PI_DataCreation_GC -->
