<?xml version="1.0" encoding="UTF-8"?>
<!-- Generated by org.testng.reporters.JUnitXMLReporter -->
<testsuite hostname="CSCINDAE707498" name="RMA_SeleniumRegression_TC_029_CarrierWCClaim" tests="1" failures="1" timestamp="2 Apr 2018 12:36:08 GMT" time="24.64" errors="0">
  <testcase name="RMA_SeleniumRegression_TC_029_Test" time="0.033" classname="rmaseleniumtestscripts.RMA_SeleniumRegression_TC_029">
    <failure type="java.lang.NullPointerException">
      <![CDATA[java.lang.NullPointerException
	at rmaseleniumtestscripts.RMA_SeleniumRegression_TC_029.RMA_SeleniumRegression_TC_029_Test(RMA_SeleniumRegression_TC_029.java:98)
... Removed 25 stack frames]]>
    </failure>
  </testcase> <!-- RMA_SeleniumRegression_TC_029_Test -->
</testsuite> <!-- RMA_SeleniumRegression_TC_029_CarrierWCClaim -->
