<?xml version="1.0" encoding="UTF-8"?>
<!-- Generated by org.testng.reporters.JUnitXMLReporter -->
<testsuite hostname="CSCINDAE707498" name="RMA_Reg_Maint_Employee_TC_023" tests="1" failures="1" timestamp="23 Mar 2018 08:01:21 GMT" time="34.439" errors="0">
  <testcase name="RMA_Reg_Maint_Employee_TC_023_Test" time="0.031" classname="rmaseleniumtestscripts.RMA_Reg_Maint_Employee_TC_023">
    <failure type="java.lang.NullPointerException">
      <![CDATA[java.lang.NullPointerException
	at rmaseleniumtestscripts.RMA_Reg_Maint_Employee_TC_023.RMA_Reg_Maint_Employee_TC_023_Test(RMA_Reg_Maint_Employee_TC_023.java:187)
... Removed 25 stack frames]]>
    </failure>
  </testcase> <!-- RMA_Reg_Maint_Employee_TC_023_Test -->
</testsuite> <!-- RMA_Reg_Maint_Employee_TC_023 -->
