<?xml version="1.0" encoding="UTF-8"?>
<!-- Generated by org.testng.reporters.JUnitXMLReporter -->
<testsuite hostname="CSCINDAE707498" name="RMA_SeleniumRegressiom_TC_160_GC_POLICY" tests="1" failures="1" timestamp="6 Apr 2018 08:27:17 GMT" time="44.728" errors="0">
  <testcase name="RMA_SeleniumRegression_TC_160_Test" time="0.03" classname="rmaseleniumtestscripts.RMA_SeleniumRegression_TC_160">
    <failure type="java.lang.NullPointerException">
      <![CDATA[java.lang.NullPointerException
	at rmaseleniumtestscripts.RMA_SeleniumRegression_TC_160.RMA_SeleniumRegression_TC_160_Test(RMA_SeleniumRegression_TC_160.java:166)
... Removed 25 stack frames]]>
    </failure>
  </testcase> <!-- RMA_SeleniumRegression_TC_160_Test -->
</testsuite> <!-- RMA_SeleniumRegressiom_TC_160_GC_POLICY -->
