<?xml version="1.0" encoding="UTF-8"?>
<!-- Generated by org.testng.reporters.JUnitXMLReporter -->
<testsuite hostname="CSCINDAE707498" name="RMA_reg_Maint_Vehicle_TC009" tests="1" failures="1" timestamp="3 Apr 2018 09:11:06 GMT" time="24.703" errors="0">
  <testcase name="RMA_Maint_Vehicle_TC009_Test" time="0.002" classname="rmaseleniumtestscripts.RMA_Reg_Maint_Vehicle_TC_009">
    <failure type="java.lang.NullPointerException">
      <![CDATA[java.lang.NullPointerException
	at rmaseleniumtestscripts.RMA_Reg_Maint_Vehicle_TC_009.RMA_Maint_Vehicle_TC009_Test(RMA_Reg_Maint_Vehicle_TC_009.java:125)
... Removed 25 stack frames]]>
    </failure>
  </testcase> <!-- RMA_Maint_Vehicle_TC009_Test -->
</testsuite> <!-- RMA_reg_Maint_Vehicle_TC009 -->
