<?xml version="1.0" encoding="UTF-8"?>
<!-- Generated by org.testng.reporters.JUnitXMLReporter -->
<testsuite hostname="CSCINDAE707498" name="RMA_SeleniumRegression_TC_027_CarrierGeneralClaim" tests="1" failures="1" timestamp="2 Apr 2018 12:31:03 GMT" time="24.738" errors="0">
  <testcase name="RMA_SeleniumRegression_TC_027_Test" time="0.053" classname="rmaseleniumtestscripts.RMA_SeleniumRegression_TC_027">
    <failure type="java.lang.NullPointerException">
      <![CDATA[java.lang.NullPointerException
	at rmaseleniumtestscripts.RMA_SeleniumRegression_TC_027.RMA_SeleniumRegression_TC_027_Test(RMA_SeleniumRegression_TC_027.java:98)
... Removed 25 stack frames]]>
    </failure>
  </testcase> <!-- RMA_SeleniumRegression_TC_027_Test -->
</testsuite> <!-- RMA_SeleniumRegression_TC_027_CarrierGeneralClaim -->
