<?xml version="1.0" encoding="UTF-8"?>
<!-- Generated by org.testng.reporters.JUnitXMLReporter -->
<testsuite hostname="CSCINDAE707498" name="RMA_QTPRegression_TC_125" tests="1" failures="1" timestamp="21 Feb 2018 10:53:14 GMT" time="811.017" errors="0">
  <testcase name="RMA_QTPRegression_TC_125_Test" time="773.676" classname="rmaseleniumtestscripts.RMA_QTPRegression_TC_125">
    <failure type="org.sikuli.script.FindFailed" message="can not find P(D:/RMA_SeleniumTestAutomation/RMA_Selenium_TestAutomation_UX/RMASeleniumTestImages/DownloadPdfChrome.jpeg) S: 0.7 in S(0)[0,0 1600x900]">
      <![CDATA[FindFailed: can not find P(D:/RMA_SeleniumTestAutomation/RMA_Selenium_TestAutomation_UX/RMASeleniumTestImages/DownloadPdfChrome.jpeg) S: 0.7 in S(0)[0,0 1600x900]
  Line 2189, in file Region.java

	at org.sikuli.script.Region.handleFindFailedShowDialog(Region.java:2189)
	at org.sikuli.script.Region.handleFindFailed(Region.java:2134)
	at org.sikuli.script.Region.wait(Region.java:2546)
	at org.sikuli.script.Region.wait(Region.java:2504)
	at rmaseleniumutilties_UX.RMA_Navigation_Utility.RMA_SikuliObjectClick(RMA_Navigation_Utility.java:640)
	at rmaseleniumutilties_UX.RMA_Verification_Utility.PDFReaderContentVerification_Utility(RMA_Verification_Utility.java:2046)
	at rmaseleniumutilties_UX.RMA_Functionality_Utility.RMA_Suite07_PrintCheckUtility(RMA_Functionality_Utility.java:6793)
	at rmaseleniumtestscripts.RMA_QTPRegression_TC_125.RMA_QTPRegression_TC_125_Test(RMA_QTPRegression_TC_125.java:220)
... Removed 25 stack frames]]>
    </failure>
  </testcase> <!-- RMA_QTPRegression_TC_125_Test -->
</testsuite> <!-- RMA_QTPRegression_TC_125 -->
