<?xml version="1.0" encoding="UTF-8"?>
<!-- Generated by org.testng.reporters.JUnitXMLReporter -->
<testsuite hostname="CSCINDAE707498" name="RMA_SeleniumRegressiom_TC_068_EVENT" tests="1" failures="1" timestamp="3 Apr 2018 11:30:27 GMT" time="39.642" errors="0">
  <testcase name="RMA_SeleniumRegression_TC_068_Test" time="0.027" classname="rmaseleniumtestscripts.RMA_SeleniumRegression_TC_068">
    <failure type="java.lang.NullPointerException">
      <![CDATA[java.lang.NullPointerException
	at rmaseleniumtestscripts.RMA_SeleniumRegression_TC_068.RMA_SeleniumRegression_TC_068_Test(RMA_SeleniumRegression_TC_068.java:105)
... Removed 25 stack frames]]>
    </failure>
  </testcase> <!-- RMA_SeleniumRegression_TC_068_Test -->
</testsuite> <!-- RMA_SeleniumRegressiom_TC_068_EVENT -->
