<?xml version="1.0" encoding="UTF-8"?>
<!-- Generated by org.testng.reporters.JUnitXMLReporter -->
<testsuite hostname="CSCINDAE707498" name="RMA_SeleniumRegression_TC_040_Event" tests="1" failures="1" timestamp="2 Apr 2018 13:04:33 GMT" time="47.357" errors="0">
  <testcase name="RMA_SeleniumRegression_TC_040_Test" time="10.109" classname="rmaseleniumtestscripts.RMA_SeleniumRegression_TC_040">
    <failure type="java.lang.NullPointerException">
      <![CDATA[java.lang.NullPointerException
	at rmaseleniumtestscripts.RMA_SeleniumRegression_TC_040.RMA_SeleniumRegression_TC_040_Test(RMA_SeleniumRegression_TC_040.java:96)
... Removed 25 stack frames]]>
    </failure>
  </testcase> <!-- RMA_SeleniumRegression_TC_040_Test -->
</testsuite> <!-- RMA_SeleniumRegression_TC_040_Event -->
