<?xml version="1.0" encoding="UTF-8"?>
<!-- Generated by org.testng.reporters.JUnitXMLReporter -->
<testsuite hostname="CSCINDAE707498" name="RMA_SeleniumRegression_TC_030_CarrierWCClaim" tests="1" failures="1" timestamp="2 Apr 2018 12:36:33 GMT" time="24.694" errors="0">
  <testcase name="RMA_SeleniumRegression_TC_030_Test" time="0.022" classname="rmaseleniumtestscripts.RMA_SeleniumRegression_TC_030">
    <failure type="java.lang.NullPointerException">
      <![CDATA[java.lang.NullPointerException
	at rmaseleniumtestscripts.RMA_SeleniumRegression_TC_030.RMA_SeleniumRegression_TC_030_Test(RMA_SeleniumRegression_TC_030.java:98)
... Removed 25 stack frames]]>
    </failure>
  </testcase> <!-- RMA_SeleniumRegression_TC_030_Test -->
</testsuite> <!-- RMA_SeleniumRegression_TC_030_CarrierWCClaim -->
