<?xml version="1.0" encoding="UTF-8"?>
<!-- Generated by org.testng.reporters.JUnitXMLReporter -->
<testsuite hostname="CSCINDAE707498" name="RMA_Smoke_TC_040" tests="1" failures="1" timestamp="6 Apr 2018 15:43:05 GMT" time="179.732" errors="0">
  <testcase name="RMA_Smoke_TC_040_Test" time="151.6" classname="rmaseleniumtestscripts.RMA_Smoke_TC_040">
    <failure type="java.lang.NullPointerException">
      <![CDATA[java.lang.NullPointerException
	at rmaseleniumtestscripts.RMA_Smoke_TC_040.RMA_Smoke_TC_040_Test(RMA_Smoke_TC_040.java:187)
... Removed 25 stack frames]]>
    </failure>
  </testcase> <!-- RMA_Smoke_TC_040_Test -->
</testsuite> <!-- RMA_Smoke_TC_040 -->
