<?xml version="1.0" encoding="UTF-8"?>
<!-- Generated by org.testng.reporters.JUnitXMLReporter -->
<testsuite hostname="CSCINDAE707498" name="RMA_SeleniumRegressiom_TC_081_WC" tests="1" failures="1" timestamp="19 Jan 2018 04:48:18 GMT" time="49.736" errors="0">
  <testcase name="RMA_SeleniumRegression_TC_081_Test" time="10.058" classname="rmaseleniumtestscripts.RMA_SeleniumRegression_TC_081">
    <failure type="java.lang.NullPointerException">
      <![CDATA[java.lang.NullPointerException
	at rmaseleniumtestscripts.RMA_SeleniumRegression_TC_081.RMA_SeleniumRegression_TC_081_Test(RMA_SeleniumRegression_TC_081.java:100)
... Removed 25 stack frames]]>
    </failure>
  </testcase> <!-- RMA_SeleniumRegression_TC_081_Test -->
</testsuite> <!-- RMA_SeleniumRegressiom_TC_081_WC -->
