<?xml version="1.0" encoding="UTF-8"?>
<!-- Generated by org.testng.reporters.JUnitXMLReporter -->
<testsuite hostname="CSCINDAE707498" name="RMA_SeleniumRegressiom_TC_097_EVENT" tests="1" failures="1" timestamp="3 Apr 2018 11:35:46 GMT" time="34.738" errors="0">
  <testcase name="RMA_SeleniumRegression_TC_097_Test" time="0.024" classname="rmaseleniumtestscripts.RMA_SeleniumRegression_TC_097">
    <failure type="java.lang.NullPointerException">
      <![CDATA[java.lang.NullPointerException
	at rmaseleniumtestscripts.RMA_SeleniumRegression_TC_097.RMA_SeleniumRegression_TC_097_Test(RMA_SeleniumRegression_TC_097.java:142)
... Removed 25 stack frames]]>
    </failure>
  </testcase> <!-- RMA_SeleniumRegression_TC_097_Test -->
</testsuite> <!-- RMA_SeleniumRegressiom_TC_097_EVENT -->
