<?xml version="1.0" encoding="UTF-8"?>
<!-- Generated by org.testng.reporters.JUnitXMLReporter -->
<testsuite hostname="CSCINDAE707498" name="RMA_Reg_Maint_Employee_TC_020" tests="1" failures="1" timestamp="23 Mar 2018 08:03:06 GMT" time="35.189" errors="0">
  <testcase name="RMA_Reg_Maint_Employee_TC_020_Test" time="0.016" classname="rmaseleniumtestscripts.RMA_Reg_Maint_Employee_TC_020">
    <failure type="java.lang.NullPointerException">
      <![CDATA[java.lang.NullPointerException
	at rmaseleniumtestscripts.RMA_Reg_Maint_Employee_TC_020.RMA_Reg_Maint_Employee_TC_020_Test(RMA_Reg_Maint_Employee_TC_020.java:206)
... Removed 25 stack frames]]>
    </failure>
  </testcase> <!-- RMA_Reg_Maint_Employee_TC_020_Test -->
</testsuite> <!-- RMA_Reg_Maint_Employee_TC_020 -->
