<?xml version="1.0" encoding="UTF-8"?>
<!-- Generated by org.testng.reporters.JUnitXMLReporter -->
<testsuite hostname="CSCINDAE707498" name="RMA_SeleniumRegressiom_TC_069_EVENT" tests="1" failures="1" timestamp="3 Apr 2018 11:31:07 GMT" time="39.721" errors="0">
  <testcase name="RMA_SeleniumRegression_TC_069_Test" time="0.033" classname="rmaseleniumtestscripts.RMA_SeleniumRegression_TC_069">
    <failure type="java.lang.NullPointerException">
      <![CDATA[java.lang.NullPointerException
	at rmaseleniumtestscripts.RMA_SeleniumRegression_TC_069.RMA_SeleniumRegression_TC_069_Test(RMA_SeleniumRegression_TC_069.java:102)
... Removed 25 stack frames]]>
    </failure>
  </testcase> <!-- RMA_SeleniumRegression_TC_069_Test -->
</testsuite> <!-- RMA_SeleniumRegressiom_TC_069_EVENT -->
