<?xml version="1.0" encoding="UTF-8"?>
<!-- Generated by org.testng.reporters.JUnitXMLReporter -->
<testsuite hostname="CSCINDAE707498" name="RMA_SeleniumRegressiom_TC_161_GC_POLICY" tests="1" failures="1" timestamp="6 Apr 2018 08:28:02 GMT" time="44.796" errors="0">
  <testcase name="RMA_SeleniumRegression_TC_161_Test" time="0.054" classname="rmaseleniumtestscripts.RMA_SeleniumRegression_TC_161">
    <failure type="java.lang.NullPointerException">
      <![CDATA[java.lang.NullPointerException
	at rmaseleniumtestscripts.RMA_SeleniumRegression_TC_161.RMA_SeleniumRegression_TC_161_Test(RMA_SeleniumRegression_TC_161.java:165)
... Removed 25 stack frames]]>
    </failure>
  </testcase> <!-- RMA_SeleniumRegression_TC_161_Test -->
</testsuite> <!-- RMA_SeleniumRegressiom_TC_161_GC_POLICY -->
