<?xml version="1.0" encoding="UTF-8"?>
<!-- Generated by org.testng.reporters.JUnitXMLReporter -->
<testsuite hostname="CSCINDAE707498" name="RMA_SeleniumRegression_TC_022_General Claim" tests="1" failures="0" timestamp="6 Apr 2018 10:58:10 GMT" time="0.001" errors="0">
  <testcase name="@AfterMethod RMA_FailureReport" time="0.0" classname="rmaseleniumtestscripts.RMA_SeleniumRegression_TC_022">
    <skipped/>
  </testcase> <!-- @AfterMethod RMA_FailureReport -->
  <testcase name="RMA_SeleniumRegression_TC_022_Test" time="0.0" classname="rmaseleniumtestscripts.RMA_SeleniumRegression_TC_022">
    <skipped/>
  </testcase> <!-- RMA_SeleniumRegression_TC_022_Test -->
</testsuite> <!-- RMA_SeleniumRegression_TC_022_General Claim -->
