<?xml version="1.0" encoding="UTF-8"?>
<!-- Generated by org.testng.reporters.JUnitXMLReporter -->
<testsuite hostname="CSCINDAE707498" name="RMA_Smoke_TC_007" tests="1" failures="1" timestamp="6 Apr 2018 15:01:51 GMT" time="35.48" errors="0">
  <testcase name="RMA_Smoke_TC_007_Test" time="10.447" classname="rmaseleniumtestscripts.RMA_Smoke_TC_007">
    <failure type="java.lang.NullPointerException">
      <![CDATA[java.lang.NullPointerException
	at rmaseleniumtestscripts.RMA_Smoke_TC_007.RMA_Smoke_TC_007_Test(RMA_Smoke_TC_007.java:112)
... Removed 25 stack frames]]>
    </failure>
  </testcase> <!-- RMA_Smoke_TC_007_Test -->
</testsuite> <!-- RMA_Smoke_TC_007 -->
