<?xml version="1.0" encoding="UTF-8"?>
<!-- Generated by org.testng.reporters.JUnitXMLReporter -->
<testsuite hostname="CSCINDAE707498" name="RMA_SeleniumRegression_TC_034_PI_DataCreation_Event" tests="1" failures="1" timestamp="2 Apr 2018 12:57:58 GMT" time="37.094" errors="0">
  <testcase name="RMA_SeleniumRegression_TC_034_PI_DataCreation_Test" time="0.022" classname="rmaseleniumtestscripts.RMA_SeleniumRegression_TC_034_PI_DataCreation">
    <failure type="java.lang.NullPointerException">
      <![CDATA[java.lang.NullPointerException
	at rmaseleniumtestscripts.RMA_SeleniumRegression_TC_034_PI_DataCreation.RMA_SeleniumRegression_TC_034_PI_DataCreation_Test(RMA_SeleniumRegression_TC_034_PI_DataCreation.java:203)
... Removed 25 stack frames]]>
    </failure>
  </testcase> <!-- RMA_SeleniumRegression_TC_034_PI_DataCreation_Test -->
</testsuite> <!-- RMA_SeleniumRegression_TC_034_PI_DataCreation_Event -->
