<?xml version="1.0" encoding="UTF-8"?>
<!-- Generated by org.testng.reporters.JUnitXMLReporter -->
<testsuite hostname="CSCINDAE750032" name="RMA_TC_350_GeneralClaim" tests="1" failures="1" timestamp="15 May 2017 15:34:52 GMT" time="110.0" errors="0">
  <testcase name="RMA_TC_350_Test" time="100.377" classname="rmaseleniumtestscripts.RMA_TC_350">
    <failure type="org.openqa.selenium.WebDriverException" message="unknown error: Element &amp;lt;a name=&amp;quot;DeleteNotes&amp;quot; id=&amp;quot;btnDeleteNotes&amp;quot; ng-click=&amp;quot;!NotesPermissionObj.bDeletePermission || vm.DeleteNotePopup()&amp;quot; tooltip-placement=&amp;quot;bottom&amp;quot;&amp;gt;...&amp;lt;/a&amp;gt; is not clickable at point (151, 70). Other element would receive the click: &amp;lt;div uib-modal-window=&amp;quot;modal-window&amp;quot; class=&amp;quot;modal fade ng-scope ng-isolate-scope in-remove in-remove-active&amp;quot; role=&amp;quot;dialog&amp;quot; size=&amp;quot;sm&amp;quot; index=&amp;quot;0&amp;quot; animate=&amp;quot;animate&amp;quot; ng-style=&amp;quot;{&amp;apos;z-index&amp;apos;: 1050 + $$topModalIndex*10, display: &amp;apos;block&amp;apos;}&amp;quot; tabindex=&amp;quot;-1&amp;quot; uib-modal-animation-class=&amp;quot;fade&amp;quot; modal-in-class=&amp;quot;in&amp;quot; modal-animation=&amp;quot;true&amp;quot; style=&amp;quot;z-index: 1050; display: block;&amp;quot;&amp;gt;...&amp;lt;/div&amp;gt;
  (Session info: chrome=58.0.3029.96)
  (Driver info: chromedriver=2.29.461591 (62ebf098771772160f391d75e589dc567915b233),platform=Windows NT 6.1.7601 SP1 x86_64) (WARNING: The server did not provide any stacktrace information)
Command duration or timeout: 20 milliseconds
Build info: version: &amp;apos;2.53.0&amp;apos;, revision: &amp;apos;35ae25b&amp;apos;, time: &amp;apos;2016-03-15 16:57:40&amp;apos;
System info: host: &amp;apos;CSCINDAE750032&amp;apos;, ip: &amp;apos;20.198.154.87&amp;apos;, os.name: &amp;apos;Windows 7&amp;apos;, os.arch: &amp;apos;amd64&amp;apos;, os.version: &amp;apos;6.1&amp;apos;, java.version: &amp;apos;1.8.0_121&amp;apos;
Driver info: org.openqa.selenium.chrome.ChromeDriver
Capabilities [{applicationCacheEnabled=false, rotatable=false, mobileEmulationEnabled=false, networkConnectionEnabled=false, chrome={chromedriverVersion=2.29.461591 (62ebf098771772160f391d75e589dc567915b233), userDataDir=C:\Users\msingh50\AppData\Local\Temp\scoped_dir11748_6088}, takesHeapSnapshot=true, pageLoadStrategy=normal, databaseEnabled=false, handlesAlerts=true, hasTouchScreen=false, version=58.0.3029.96, platform=XP, browserConnectionEnabled=false, nativeEvents=true, acceptSslCerts=true, locationContextEnabled=true, webStorageEnabled=true, browserName=chrome, takesScreenshot=true, javascriptEnabled=true, cssSelectorsEnabled=true, unexpectedAlertBehaviour=}]
Session ID: ead09c6e6f77e4c6569b344818a523a5">
      <![CDATA[org.openqa.selenium.WebDriverException: unknown error: Element <a name="DeleteNotes" id="btnDeleteNotes" ng-click="!NotesPermissionObj.bDeletePermission || vm.DeleteNotePopup()" tooltip-placement="bottom">...</a> is not clickable at point (151, 70). Other element would receive the click: <div uib-modal-window="modal-window" class="modal fade ng-scope ng-isolate-scope in-remove in-remove-active" role="dialog" size="sm" index="0" animate="animate" ng-style="{'z-index': 1050 + $$topModalIndex*10, display: 'block'}" tabindex="-1" uib-modal-animation-class="fade" modal-in-class="in" modal-animation="true" style="z-index: 1050; display: block;">...</div>
  (Session info: chrome=58.0.3029.96)
  (Driver info: chromedriver=2.29.461591 (62ebf098771772160f391d75e589dc567915b233),platform=Windows NT 6.1.7601 SP1 x86_64) (WARNING: The server did not provide any stacktrace information)
Command duration or timeout: 20 milliseconds
Build info: version: '2.53.0', revision: '35ae25b', time: '2016-03-15 16:57:40'
System info: host: 'CSCINDAE750032', ip: '20.198.154.87', os.name: 'Windows 7', os.arch: 'amd64', os.version: '6.1', java.version: '1.8.0_121'
Driver info: org.openqa.selenium.chrome.ChromeDriver
Capabilities [{applicationCacheEnabled=false, rotatable=false, mobileEmulationEnabled=false, networkConnectionEnabled=false, chrome={chromedriverVersion=2.29.461591 (62ebf098771772160f391d75e589dc567915b233), userDataDir=C:\Users\msingh50\AppData\Local\Temp\scoped_dir11748_6088}, takesHeapSnapshot=true, pageLoadStrategy=normal, databaseEnabled=false, handlesAlerts=true, hasTouchScreen=false, version=58.0.3029.96, platform=XP, browserConnectionEnabled=false, nativeEvents=true, acceptSslCerts=true, locationContextEnabled=true, webStorageEnabled=true, browserName=chrome, takesScreenshot=true, javascriptEnabled=true, cssSelectorsEnabled=true, unexpectedAlertBehaviour=}]
Session ID: ead09c6e6f77e4c6569b344818a523a5
	at org.openqa.selenium.remote.ErrorHandler.createThrowable(ErrorHandler.java:206)
	at org.openqa.selenium.remote.ErrorHandler.throwIfResponseFailed(ErrorHandler.java:158)
	at org.openqa.selenium.remote.RemoteWebDriver.execute(RemoteWebDriver.java:678)
	at org.openqa.selenium.remote.RemoteWebElement.execute(RemoteWebElement.java:327)
	at org.openqa.selenium.remote.RemoteWebElement.click(RemoteWebElement.java:85)
	at rmaseleniumutilties.RMA_Navigation_Utility.RMA_ObjectClick(RMA_Navigation_Utility.java:203)
	at rmaseleniumutilties.RMA_Functionality_Utility.RMA_EnhancedNotesCreateEditDelete_Utility(RMA_Functionality_Utility.java:2237)
	at rmaseleniumtestscripts.RMA_TC_350.RMA_TC_350_Test(RMA_TC_350.java:80)
... Removed 28 stack frames]]>
    </failure>
  </testcase> <!-- RMA_TC_350_Test -->
</testsuite> <!-- RMA_TC_350_GeneralClaim -->
