<?xml version="1.0" encoding="UTF-8"?>
<!-- Generated by org.testng.reporters.JUnitXMLReporter -->
<testsuite hostname="CSCINDAE750032" name="RMA_TC_362" tests="1" failures="1" timestamp="15 May 2017 16:59:55 GMT" time="132.569" errors="0">
  <testcase name="RMA_TC_362_Test" time="125.104" classname="rmaseleniumtestscripts.RMA_TC_362">
    <failure type="java.lang.IndexOutOfBoundsException" message="Index: 4, Size: 0">
      <![CDATA[java.lang.IndexOutOfBoundsException: Index: 4, Size: 0
	at java.util.ArrayList.rangeCheck(Unknown Source)
	at java.util.ArrayList.get(Unknown Source)
	at rmaseleniumPOM.RMA_Selenium_POM_EnhancedNotes.RMAApp_EnhancedNotes_UXGrid_FilterTextBox(RMA_Selenium_POM_EnhancedNotes.java:130)
	at rmaseleniumutilties.RMA_Functionality_Utility.RMA_EnhancedNotesCreateEditDelete_Utility(RMA_Functionality_Utility.java:2182)
	at rmaseleniumtestscripts.RMA_TC_362.RMA_TC_362_Test(RMA_TC_362.java:96)
... Removed 25 stack frames]]>
    </failure>
  </testcase> <!-- RMA_TC_362_Test -->
</testsuite> <!-- RMA_TC_362 -->
