<?xml version="1.0" encoding="UTF-8"?>
<!-- Generated by org.testng.reporters.JUnitXMLReporter -->
<testsuite hostname="CSCINDAE707498" name="RMA_TC_008" tests="1" failures="0" timestamp="23 Mar 2018 04:37:52 GMT" time="0.0" errors="0">
  <testcase name="@BeforeSuite SetUp" time="0.0" classname="rmaseleniumtestscripts.RMA_TC_008">
    <failure type="org.testng.TestNGException" message="
Parameter &amp;apos;DataSourceRow&amp;apos; is required by @Configuration on method SetUp but has not been marked @Optional or defined
in D:\RMA_SeleniumTestAutomation\RMA_Selenium_TestAutomation\RMASeleniumTestSuites\RMA_TestSuiteRunner.xml">
      <![CDATA[org.testng.TestNGException: 
Parameter 'DataSourceRow' is required by @Configuration on method SetUp but has not been marked @Optional or defined
in D:\RMA_SeleniumTestAutomation\RMA_Selenium_TestAutomation\RMASeleniumTestSuites\RMA_TestSuiteRunner.xml
... Removed 16 stack frames]]>
    </failure>
  </testcase> <!-- @BeforeSuite SetUp -->
  <testcase name="EventAndGCCreation" time="0.0" classname="rmaseleniumtestscripts.RMA_TC_008">
    <skipped/>
  </testcase> <!-- EventAndGCCreation -->
</testsuite> <!-- RMA_TC_008 -->
