<?xml version="1.0" encoding="UTF-8"?>
<!-- Generated by org.testng.reporters.JUnitXMLReporter -->
<testsuite hostname="CSCINDAE750032" name="RMA_Smoke_TC_092_GC_C" tests="1" failures="1" timestamp="19 Apr 2017 13:06:07 GMT" time="49.596" errors="0">
  <testcase name="RMA_Smoke_TC_092_GC_C_Test" time="41.378" classname="rmaseleniumtestscripts.RMA_Smoke_TC_092_GC_C">
    <failure type="org.openqa.selenium.NoSuchElementException" message="Unable to find element with id == FLD100 (WARNING: The server did not provide any stacktrace information)
Command duration or timeout: 10.27 seconds
For documentation on this error, please visit: http://seleniumhq.org/exceptions/no_such_element.html
Build info: version: &amp;apos;2.53.0&amp;apos;, revision: &amp;apos;35ae25b&amp;apos;, time: &amp;apos;2016-03-15 16:57:40&amp;apos;
System info: host: &amp;apos;CSCINDAE750032&amp;apos;, ip: &amp;apos;20.198.154.87&amp;apos;, os.name: &amp;apos;Windows 7&amp;apos;, os.arch: &amp;apos;amd64&amp;apos;, os.version: &amp;apos;6.1&amp;apos;, java.version: &amp;apos;1.8.0_121&amp;apos;
Driver info: org.openqa.selenium.ie.InternetExplorerDriver
Capabilities [{browserAttachTimeout=0, ie.enableFullPageScreenshot=true, enablePersistentHover=true, ie.forceCreateProcessApi=false, ie.forceShellWindowsApi=false, pageLoadStrategy=normal, ignoreZoomSetting=false, ie.fileUploadDialogTimeout=3000, version=11, platform=WINDOWS, nativeEvents=true, ie.ensureCleanSession=false, elementScrollBehavior=0, ie.browserCommandLineSwitches=, requireWindowFocus=false, browserName=internet explorer, initialBrowserUrl=http://localhost:4050/, javascriptEnabled=true, ignoreProtectedModeSettings=false, enableElementCacheCleanup=true, unexpectedAlertBehaviour=dismiss}]
Session ID: 3b148220-d54a-40e8-9666-c5c24c23e4b0
*** Element info: {Using=id, value=FLD100}">
      <![CDATA[org.openqa.selenium.NoSuchElementException: Unable to find element with id == FLD100 (WARNING: The server did not provide any stacktrace information)
Command duration or timeout: 10.27 seconds
For documentation on this error, please visit: http://seleniumhq.org/exceptions/no_such_element.html
Build info: version: '2.53.0', revision: '35ae25b', time: '2016-03-15 16:57:40'
System info: host: 'CSCINDAE750032', ip: '20.198.154.87', os.name: 'Windows 7', os.arch: 'amd64', os.version: '6.1', java.version: '1.8.0_121'
Driver info: org.openqa.selenium.ie.InternetExplorerDriver
Capabilities [{browserAttachTimeout=0, ie.enableFullPageScreenshot=true, enablePersistentHover=true, ie.forceCreateProcessApi=false, ie.forceShellWindowsApi=false, pageLoadStrategy=normal, ignoreZoomSetting=false, ie.fileUploadDialogTimeout=3000, version=11, platform=WINDOWS, nativeEvents=true, ie.ensureCleanSession=false, elementScrollBehavior=0, ie.browserCommandLineSwitches=, requireWindowFocus=false, browserName=internet explorer, initialBrowserUrl=http://localhost:4050/, javascriptEnabled=true, ignoreProtectedModeSettings=false, enableElementCacheCleanup=true, unexpectedAlertBehaviour=dismiss}]
Session ID: 3b148220-d54a-40e8-9666-c5c24c23e4b0
*** Element info: {Using=id, value=FLD100}
	at org.openqa.selenium.remote.ErrorHandler.createThrowable(ErrorHandler.java:206)
	at org.openqa.selenium.remote.ErrorHandler.throwIfResponseFailed(ErrorHandler.java:158)
	at org.openqa.selenium.remote.RemoteWebDriver.execute(RemoteWebDriver.java:678)
	at org.openqa.selenium.remote.RemoteWebDriver.findElement(RemoteWebDriver.java:363)
	at org.openqa.selenium.remote.RemoteWebDriver.findElementById(RemoteWebDriver.java:413)
	at org.openqa.selenium.By$ById.findElement(By.java:218)
	at org.openqa.selenium.remote.RemoteWebDriver.findElement(RemoteWebDriver.java:355)
	at rmaseleniumPOM.RMA_POM_Search.RMAApp_SearchClaims_Txt_ClaimNumber(RMA_POM_Search.java:64)
	at rmaseleniumtestscripts.RMA_Smoke_TC_092_GC_C.RMA_Smoke_TC_092_GC_C_Test(RMA_Smoke_TC_092_GC_C.java:61)
... Removed 29 stack frames]]>
    </failure>
  </testcase> <!-- RMA_Smoke_TC_092_GC_C_Test -->
</testsuite> <!-- RMA_Smoke_TC_092_GC_C -->
