<?xml version="1.0" encoding="UTF-8"?>
<!-- Generated by org.testng.reporters.JUnitXMLReporter -->
<testsuite hostname="WIN-1URKM2KR2UE" name="RMA_Reg_PrintChecks_TC_06" tests="1" failures="0" timestamp="3 Dec 2019 10:55:27 GMT" time="0.007" errors="0">
  <testcase name="@AfterMethod RMA_FailureReport" time="0.0" classname="rmaseleniumtestscripts.RMA_Reg_PrintChecks_TC_06">
    <skipped/>
  </testcase> <!-- @AfterMethod RMA_FailureReport -->
  <testcase name="RMA_Reg_PrintChecks_TC_06_Test" time="0.0" classname="rmaseleniumtestscripts.RMA_Reg_PrintChecks_TC_06">
    <skipped/>
  </testcase> <!-- RMA_Reg_PrintChecks_TC_06_Test -->
</testsuite> <!-- RMA_Reg_PrintChecks_TC_06 -->
