<?xml version="1.0" encoding="UTF-8"?>
<testng-results skipped="12" failed="0" total="12" passed="0">
  <reporter-output>
  </reporter-output>
  <suite name="RMA_SampleSuite" duration-ms="110" started-at="2019-12-03T10:55:27Z" finished-at="2019-12-03T10:55:27Z">
    <groups>
    </groups>
    <test name="RMA_TC_001" duration-ms="14" started-at="2019-12-03T10:55:27Z" finished-at="2019-12-03T10:55:27Z">
      <class name="rmaseleniumtestscripts.RMA_TC_001">
        <test-method status="SKIP" signature="RMAApp_login()[pri:0, instance:rmaseleniumtestscripts.RMA_TC_001@2b552920]" name="RMAApp_login" duration-ms="0" started-at="2019-12-03T10:55:27Z" finished-at="2019-12-03T10:55:27Z">
          <reporter-output>
          </reporter-output>
        </test-method> <!-- RMAApp_login -->
        <test-method status="SKIP" signature="RMA_FailureReport(org.testng.ITestResult)[pri:0, instance:rmaseleniumtestscripts.RMA_TC_001@2b552920]" name="RMA_FailureReport" is-config="true" duration-ms="0" started-at="2019-12-03T10:55:27Z" finished-at="2019-12-03T10:55:27Z">
          <reporter-output>
          </reporter-output>
        </test-method> <!-- RMA_FailureReport -->
      </class> <!-- rmaseleniumtestscripts.RMA_TC_001 -->
    </test> <!-- RMA_TC_001 -->
    <test name="RMA_TC_002" duration-ms="9" started-at="2019-12-03T10:55:27Z" finished-at="2019-12-03T10:55:27Z">
      <class name="rmaseleniumtestscripts.RMA_TC_002">
        <test-method status="SKIP" signature="RMAApp_DSNSelection(java.lang.String)[pri:0, instance:rmaseleniumtestscripts.RMA_TC_002@7494e528]" name="RMAApp_DSNSelection" duration-ms="0" started-at="2019-12-03T10:55:27Z" finished-at="2019-12-03T10:55:27Z">
          <params>
            <param index="0">
              <value>
                <![CDATA[Dashboard]]>
              </value>
            </param>
          </params>
          <reporter-output>
          </reporter-output>
        </test-method> <!-- RMAApp_DSNSelection -->
        <test-method status="SKIP" signature="RMA_FailureReport(org.testng.ITestResult)[pri:0, instance:rmaseleniumtestscripts.RMA_TC_002@7494e528]" name="RMA_FailureReport" is-config="true" duration-ms="0" started-at="2019-12-03T10:55:27Z" finished-at="2019-12-03T10:55:27Z">
          <reporter-output>
          </reporter-output>
        </test-method> <!-- RMA_FailureReport -->
      </class> <!-- rmaseleniumtestscripts.RMA_TC_002 -->
    </test> <!-- RMA_TC_002 -->
    <test name="RMA_Smoke_TC_002_GC" duration-ms="6" started-at="2019-12-03T10:55:27Z" finished-at="2019-12-03T10:55:27Z">
      <class name="rmaseleniumtestscripts.RMA_Smoke_TC_002_GC">
        <test-method status="SKIP" signature="RMA_Smoke_TC_002_GC_Test()[pri:0, instance:rmaseleniumtestscripts.RMA_Smoke_TC_002_GC@7d0587f1]" name="RMA_Smoke_TC_002_GC_Test" duration-ms="0" started-at="2019-12-03T10:55:27Z" finished-at="2019-12-03T10:55:27Z">
          <reporter-output>
          </reporter-output>
        </test-method> <!-- RMA_Smoke_TC_002_GC_Test -->
        <test-method status="SKIP" signature="RMA_FailureReport(org.testng.ITestResult)[pri:0, instance:rmaseleniumtestscripts.RMA_Smoke_TC_002_GC@7d0587f1]" name="RMA_FailureReport" is-config="true" duration-ms="0" started-at="2019-12-03T10:55:27Z" finished-at="2019-12-03T10:55:27Z">
          <reporter-output>
          </reporter-output>
        </test-method> <!-- RMA_FailureReport -->
      </class> <!-- rmaseleniumtestscripts.RMA_Smoke_TC_002_GC -->
    </test> <!-- RMA_Smoke_TC_002_GC -->
    <test name="RMA_Smoke_TC_009" duration-ms="2" started-at="2019-12-03T10:55:27Z" finished-at="2019-12-03T10:55:27Z">
      <class name="rmaseleniumtestscripts.RMA_Smoke_TC_009">
        <test-method status="SKIP" signature="RMA_Smoke_TC_009_Test()[pri:0, instance:rmaseleniumtestscripts.RMA_Smoke_TC_009@694e1548]" name="RMA_Smoke_TC_009_Test" duration-ms="0" started-at="2019-12-03T10:55:27Z" finished-at="2019-12-03T10:55:27Z">
          <reporter-output>
          </reporter-output>
        </test-method> <!-- RMA_Smoke_TC_009_Test -->
        <test-method status="SKIP" signature="RMA_FailureReport(org.testng.ITestResult)[pri:0, instance:rmaseleniumtestscripts.RMA_Smoke_TC_009@694e1548]" name="RMA_FailureReport" is-config="true" duration-ms="0" started-at="2019-12-03T10:55:27Z" finished-at="2019-12-03T10:55:27Z">
          <reporter-output>
          </reporter-output>
        </test-method> <!-- RMA_FailureReport -->
      </class> <!-- rmaseleniumtestscripts.RMA_Smoke_TC_009 -->
    </test> <!-- RMA_Smoke_TC_009 -->
    <test name="RMA_Reg_Funds_VoidCheck_TC_003" duration-ms="1" started-at="2019-12-03T10:55:27Z" finished-at="2019-12-03T10:55:27Z">
      <class name="rmaseleniumtestscripts.RMA_Reg_Funds_VoidCheck_TC_003">
        <test-method status="SKIP" signature="RMA_Reg_Funds_VoidCheck_TC_003_Test()[pri:0, instance:rmaseleniumtestscripts.RMA_Reg_Funds_VoidCheck_TC_003@51cdd8a]" name="RMA_Reg_Funds_VoidCheck_TC_003_Test" duration-ms="0" started-at="2019-12-03T10:55:27Z" finished-at="2019-12-03T10:55:27Z">
          <reporter-output>
          </reporter-output>
        </test-method> <!-- RMA_Reg_Funds_VoidCheck_TC_003_Test -->
        <test-method status="SKIP" signature="RMA_FailureReport(org.testng.ITestResult)[pri:0, instance:rmaseleniumtestscripts.RMA_Reg_Funds_VoidCheck_TC_003@51cdd8a]" name="RMA_FailureReport" is-config="true" duration-ms="0" started-at="2019-12-03T10:55:27Z" finished-at="2019-12-03T10:55:27Z">
          <reporter-output>
          </reporter-output>
        </test-method> <!-- RMA_FailureReport -->
      </class> <!-- rmaseleniumtestscripts.RMA_Reg_Funds_VoidCheck_TC_003 -->
    </test> <!-- RMA_Reg_Funds_VoidCheck_TC_003 -->
    <test name="RMA_Reg_Funds_VoidCheck_TC_004" duration-ms="1" started-at="2019-12-03T10:55:27Z" finished-at="2019-12-03T10:55:27Z">
      <class name="rmaseleniumtestscripts.RMA_Reg_Funds_VoidCheck_TC_004">
        <test-method status="SKIP" signature="RMA_Reg_Funds_VoidCheck_TC_004_Test()[pri:0, instance:rmaseleniumtestscripts.RMA_Reg_Funds_VoidCheck_TC_004@6895a785]" name="RMA_Reg_Funds_VoidCheck_TC_004_Test" duration-ms="0" started-at="2019-12-03T10:55:27Z" finished-at="2019-12-03T10:55:27Z">
          <reporter-output>
          </reporter-output>
        </test-method> <!-- RMA_Reg_Funds_VoidCheck_TC_004_Test -->
        <test-method status="SKIP" signature="RMA_FailureReport(org.testng.ITestResult)[pri:0, instance:rmaseleniumtestscripts.RMA_Reg_Funds_VoidCheck_TC_004@6895a785]" name="RMA_FailureReport" is-config="true" duration-ms="0" started-at="2019-12-03T10:55:27Z" finished-at="2019-12-03T10:55:27Z">
          <reporter-output>
          </reporter-output>
        </test-method> <!-- RMA_FailureReport -->
      </class> <!-- rmaseleniumtestscripts.RMA_Reg_Funds_VoidCheck_TC_004 -->
    </test> <!-- RMA_Reg_Funds_VoidCheck_TC_004 -->
    <test name="RMA_Reg_Funds_VoidCheck_TC_005" duration-ms="4" started-at="2019-12-03T10:55:27Z" finished-at="2019-12-03T10:55:27Z">
      <class name="rmaseleniumtestscripts.RMA_Reg_Funds_VoidCheck_TC_005">
        <test-method status="SKIP" signature="RMA_Reg_Funds_VoidCheck_TC_005_Test()[pri:0, instance:rmaseleniumtestscripts.RMA_Reg_Funds_VoidCheck_TC_005@1d29cf23]" name="RMA_Reg_Funds_VoidCheck_TC_005_Test" duration-ms="0" started-at="2019-12-03T10:55:27Z" finished-at="2019-12-03T10:55:27Z">
          <reporter-output>
          </reporter-output>
        </test-method> <!-- RMA_Reg_Funds_VoidCheck_TC_005_Test -->
        <test-method status="SKIP" signature="RMA_FailureReport(org.testng.ITestResult)[pri:0, instance:rmaseleniumtestscripts.RMA_Reg_Funds_VoidCheck_TC_005@1d29cf23]" name="RMA_FailureReport" is-config="true" duration-ms="0" started-at="2019-12-03T10:55:27Z" finished-at="2019-12-03T10:55:27Z">
          <reporter-output>
          </reporter-output>
        </test-method> <!-- RMA_FailureReport -->
      </class> <!-- rmaseleniumtestscripts.RMA_Reg_Funds_VoidCheck_TC_005 -->
    </test> <!-- RMA_Reg_Funds_VoidCheck_TC_005 -->
    <test name="RMA_Reg_Funds_BankAccount_TC_029" duration-ms="2" started-at="2019-12-03T10:55:27Z" finished-at="2019-12-03T10:55:27Z">
      <class name="rmaseleniumtestscripts.RMA_Reg_Funds_BankAccount_TC_029">
        <test-method status="SKIP" signature="RMA_Reg_Funds_BankAccount_TC_029_Test()[pri:0, instance:rmaseleniumtestscripts.RMA_Reg_Funds_BankAccount_TC_029@6acdbdf5]" name="RMA_Reg_Funds_BankAccount_TC_029_Test" duration-ms="0" started-at="2019-12-03T10:55:27Z" finished-at="2019-12-03T10:55:27Z">
          <reporter-output>
          </reporter-output>
        </test-method> <!-- RMA_Reg_Funds_BankAccount_TC_029_Test -->
        <test-method status="SKIP" signature="RMA_FailureReport(org.testng.ITestResult)[pri:0, instance:rmaseleniumtestscripts.RMA_Reg_Funds_BankAccount_TC_029@6acdbdf5]" name="RMA_FailureReport" is-config="true" duration-ms="0" started-at="2019-12-03T10:55:27Z" finished-at="2019-12-03T10:55:27Z">
          <reporter-output>
          </reporter-output>
        </test-method> <!-- RMA_FailureReport -->
      </class> <!-- rmaseleniumtestscripts.RMA_Reg_Funds_BankAccount_TC_029 -->
    </test> <!-- RMA_Reg_Funds_BankAccount_TC_029 -->
    <test name="RMA_Reg_PrintChecks_TC_06" duration-ms="7" started-at="2019-12-03T10:55:27Z" finished-at="2019-12-03T10:55:27Z">
      <class name="rmaseleniumtestscripts.RMA_Reg_PrintChecks_TC_06">
        <test-method status="SKIP" signature="RMA_Reg_PrintChecks_TC_06_Test()[pri:0, instance:rmaseleniumtestscripts.RMA_Reg_PrintChecks_TC_06@2d8f65a4]" name="RMA_Reg_PrintChecks_TC_06_Test" duration-ms="0" started-at="2019-12-03T10:55:27Z" finished-at="2019-12-03T10:55:27Z">
          <reporter-output>
          </reporter-output>
        </test-method> <!-- RMA_Reg_PrintChecks_TC_06_Test -->
        <test-method status="SKIP" signature="RMA_FailureReport(org.testng.ITestResult)[pri:0, instance:rmaseleniumtestscripts.RMA_Reg_PrintChecks_TC_06@2d8f65a4]" name="RMA_FailureReport" is-config="true" duration-ms="0" started-at="2019-12-03T10:55:27Z" finished-at="2019-12-03T10:55:27Z">
          <reporter-output>
          </reporter-output>
        </test-method> <!-- RMA_FailureReport -->
      </class> <!-- rmaseleniumtestscripts.RMA_Reg_PrintChecks_TC_06 -->
    </test> <!-- RMA_Reg_PrintChecks_TC_06 -->
    <test name="RMA_Reg_PrintChecks_TC_10" duration-ms="5" started-at="2019-12-03T10:55:27Z" finished-at="2019-12-03T10:55:27Z">
      <class name="rmaseleniumtestscripts.RMA_Reg_PrintChecks_TC_10">
        <test-method status="SKIP" signature="RMA_Reg_PrintChecks_TC_10_Test()[pri:0, instance:rmaseleniumtestscripts.RMA_Reg_PrintChecks_TC_10@704a52ec]" name="RMA_Reg_PrintChecks_TC_10_Test" duration-ms="1" started-at="2019-12-03T10:55:27Z" finished-at="2019-12-03T10:55:27Z">
          <reporter-output>
          </reporter-output>
        </test-method> <!-- RMA_Reg_PrintChecks_TC_10_Test -->
        <test-method status="SKIP" signature="RMA_FailureReport(org.testng.ITestResult)[pri:0, instance:rmaseleniumtestscripts.RMA_Reg_PrintChecks_TC_10@704a52ec]" name="RMA_FailureReport" is-config="true" duration-ms="0" started-at="2019-12-03T10:55:27Z" finished-at="2019-12-03T10:55:27Z">
          <reporter-output>
          </reporter-output>
        </test-method> <!-- RMA_FailureReport -->
      </class> <!-- rmaseleniumtestscripts.RMA_Reg_PrintChecks_TC_10 -->
    </test> <!-- RMA_Reg_PrintChecks_TC_10 -->
    <test name="RMA_Smoke_TC_002_GC_4" duration-ms="6" started-at="2019-12-03T10:55:27Z" finished-at="2019-12-03T10:55:27Z">
      <class name="rmaseleniumtestscripts.RMA_Smoke_TC_002_GC">
        <test-method status="SKIP" signature="RMA_Smoke_TC_002_GC_Test()[pri:0, instance:rmaseleniumtestscripts.RMA_Smoke_TC_002_GC@305fd85d]" name="RMA_Smoke_TC_002_GC_Test" duration-ms="0" started-at="2019-12-03T10:55:27Z" finished-at="2019-12-03T10:55:27Z">
          <reporter-output>
          </reporter-output>
        </test-method> <!-- RMA_Smoke_TC_002_GC_Test -->
        <test-method status="SKIP" signature="RMA_FailureReport(org.testng.ITestResult)[pri:0, instance:rmaseleniumtestscripts.RMA_Smoke_TC_002_GC@305fd85d]" name="RMA_FailureReport" is-config="true" duration-ms="0" started-at="2019-12-03T10:55:27Z" finished-at="2019-12-03T10:55:27Z">
          <reporter-output>
          </reporter-output>
        </test-method> <!-- RMA_FailureReport -->
      </class> <!-- rmaseleniumtestscripts.RMA_Smoke_TC_002_GC -->
    </test> <!-- RMA_Smoke_TC_002_GC_4 -->
    <test name="RMA_Reg_Funds_AllocatedBucketForPayments_TC_001" duration-ms="2" started-at="2019-12-03T10:55:27Z" finished-at="2019-12-03T10:55:27Z">
      <class name="rmaseleniumtestscripts.RMA_Reg_Funds_AllocatedBucketForPayments_TC_001">
        <test-method status="FAIL" signature="SetUp(int, java.lang.String)[pri:0, instance:rmaseleniumtestscripts.RMA_Reg_Funds_AllocatedBucketForPayments_TC_001@1563da5]" name="SetUp" is-config="true" duration-ms="0" started-at="2019-12-03T10:55:23Z" finished-at="2019-12-03T10:55:23Z">
          <params>
            <param index="0">
              <value>
                <![CDATA[1]]>
              </value>
            </param>
            <param index="1">
              <value>
                <![CDATA[RMA_DailySmokeSuite_Funds1]]>
              </value>
            </param>
          </params>
          <exception class="java.lang.NullPointerException">
            <full-stacktrace>
              <![CDATA[java.lang.NullPointerException
	at rmaseleniumtestscripts.RMA_TC_BaseTest.SetUp(RMA_TC_BaseTest.java:189)
	at sun.reflect.NativeMethodAccessorImpl.invoke0(Native Method)
	at sun.reflect.NativeMethodAccessorImpl.invoke(Unknown Source)
	at sun.reflect.DelegatingMethodAccessorImpl.invoke(Unknown Source)
	at java.lang.reflect.Method.invoke(Unknown Source)
	at org.testng.internal.MethodInvocationHelper.invokeMethod(MethodInvocationHelper.java:100)
	at org.testng.internal.Invoker.invokeConfigurationMethod(Invoker.java:515)
	at org.testng.internal.Invoker.invokeConfigurations(Invoker.java:216)
	at org.testng.internal.Invoker.invokeConfigurations(Invoker.java:143)
	at org.testng.SuiteRunner.privateRun(SuiteRunner.java:307)
	at org.testng.SuiteRunner.run(SuiteRunner.java:270)
	at org.testng.SuiteRunnerWorker.runSuite(SuiteRunnerWorker.java:52)
	at org.testng.SuiteRunnerWorker.run(SuiteRunnerWorker.java:86)
	at org.testng.TestNG.runSuitesSequentially(TestNG.java:1284)
	at org.testng.TestNG.runSuitesLocally(TestNG.java:1209)
	at org.testng.TestNG.runSuites(TestNG.java:1124)
	at org.testng.TestNG.run(TestNG.java:1096)
	at org.testng.remote.AbstractRemoteTestNG.run(AbstractRemoteTestNG.java:132)
	at org.testng.remote.RemoteTestNG.initAndRun(RemoteTestNG.java:236)
	at org.testng.remote.RemoteTestNG.main(RemoteTestNG.java:81)
]]>
            </full-stacktrace>
          </exception> <!-- java.lang.NullPointerException -->
          <reporter-output>
          </reporter-output>
        </test-method> <!-- SetUp -->
        <test-method status="SKIP" signature="RMA_Reg_Funds_AllocatedBucketForPayments_TC_001_Test(java.lang.String)[pri:0, instance:rmaseleniumtestscripts.RMA_Reg_Funds_AllocatedBucketForPayments_TC_001@1563da5]" name="RMA_Reg_Funds_AllocatedBucketForPayments_TC_001_Test" duration-ms="0" started-at="2019-12-03T10:55:27Z" finished-at="2019-12-03T10:55:27Z">
          <params>
            <param index="0">
              <value>
                <![CDATA[GC - General Claims]]>
              </value>
            </param>
          </params>
          <reporter-output>
          </reporter-output>
        </test-method> <!-- RMA_Reg_Funds_AllocatedBucketForPayments_TC_001_Test -->
        <test-method status="SKIP" signature="RMA_FailureReport(org.testng.ITestResult)[pri:0, instance:rmaseleniumtestscripts.RMA_Reg_Funds_AllocatedBucketForPayments_TC_001@1563da5]" name="RMA_FailureReport" is-config="true" duration-ms="0" started-at="2019-12-03T10:55:27Z" finished-at="2019-12-03T10:55:27Z">
          <reporter-output>
          </reporter-output>
        </test-method> <!-- RMA_FailureReport -->
        <test-method status="SKIP" signature="ExitSetUp()[pri:0, instance:rmaseleniumtestscripts.RMA_Reg_Funds_AllocatedBucketForPayments_TC_001@1563da5]" name="ExitSetUp" is-config="true" duration-ms="0" started-at="2019-12-03T10:55:27Z" finished-at="2019-12-03T10:55:27Z">
          <reporter-output>
          </reporter-output>
        </test-method> <!-- ExitSetUp -->
      </class> <!-- rmaseleniumtestscripts.RMA_Reg_Funds_AllocatedBucketForPayments_TC_001 -->
    </test> <!-- RMA_Reg_Funds_AllocatedBucketForPayments_TC_001 -->
  </suite> <!-- RMA_SampleSuite -->
</testng-results>
